[28.04.23|13:20:06] Folder: noisedive_flask/db FOUND
[28.04.23|13:20:06] DATABASE: noisedive_flask/db/sqlite.db NOT FOUND
[28.04.23|13:20:06] DATABASE: noisedive_flask/db/sqlite.db CREATED
[28.04.23|13:21:33] Folder: noisedive_flask/db FOUND
[28.04.23|13:21:33] DATABASE: noisedive_flask/db/sqlite.db FOUND
[28.04.23|13:30:37] Folder: noisedive_flask/db FOUND
[28.04.23|13:30:37] DATABASE: noisedive_flask/db/sqlite.db FOUND
[28.04.23|13:42:13] Folder: noisedive_flask/db FOUND
[28.04.23|13:42:13] DATABASE: noisedive_flask/db/sqlite.db FOUND
[28.04.23|13:43:06] USER: "hills" NOT FOUND
[28.04.23|13:45:22] Folder: noisedive_flask/db FOUND
[28.04.23|13:45:22] DATABASE: noisedive_flask/db/sqlite.db FOUND
[28.04.23|13:45:33] 404404 Not Found: The requested URL was not found on the server. If you entered the URL manually please check your spelling and try again.
[28.04.23|13:51:29] Folder: noisedive_flask/db FOUND
[28.04.23|13:51:29] DATABASE: noisedive_flask/db/sqlite.db FOUND
[28.04.23|13:52:00] Folder: noisedive_flask/db FOUND
[28.04.23|13:52:00] DATABASE: noisedive_flask/db/sqlite.db FOUND
[28.04.23|13:56:10] Folder: noisedive_flask/db FOUND
[28.04.23|13:56:10] DATABASE: noisedive_flask/db/sqlite.db FOUND
[28.04.23|14:00:17] Folder: noisedive_flask/db FOUND
[28.04.23|14:00:17] DATABASE: noisedive_flask/db/sqlite.db FOUND
[28.04.23|14:03:20] Folder: noisedive_flask/db FOUND
[28.04.23|14:03:20] DATABASE: noisedive_flask/db/sqlite.db FOUND
[28.04.23|14:04:50] Folder: noisedive_flask/db FOUND
[28.04.23|14:04:50] DATABASE: noisedive_flask/db/sqlite.db FOUND
[28.04.23|14:04:53] USER: "hills" LOGGED IN
[28.04.23|14:15:21] Folder: noisedive_flask/db FOUND
[28.04.23|14:15:21] DATABASE: noisedive_flask/db/sqlite.db FOUND
[28.04.23|14:15:27] USER: "hills" LOGGED IN
[28.04.23|14:17:17] Folder: noisedive_flask/db FOUND
[28.04.23|14:17:17] DATABASE: noisedive_flask/db/sqlite.db FOUND
[28.04.23|14:19:10] Folder: noisedive_flask/db FOUND
[28.04.23|14:19:10] DATABASE: noisedive_flask/db/sqlite.db FOUND
[28.04.23|14:20:00] Folder: noisedive_flask/db FOUND
[28.04.23|14:20:00] DATABASE: noisedive_flask/db/sqlite.db FOUND
[28.04.23|14:22:39] USER: "hills" LOGGED IN
[28.04.23|14:23:18] POST: "foo foo" POSTED
[28.04.23|14:24:14] Folder: noisedive_flask/db FOUND
[28.04.23|14:24:14] DATABASE: noisedive_flask/db/sqlite.db FOUND
[28.04.23|14:24:35] Folder: noisedive_flask/db FOUND
[28.04.23|14:24:35] DATABASE: noisedive_flask/db/sqlite.db FOUND
[28.04.23|14:25:45] Folder: noisedive_flask/db FOUND
[28.04.23|14:25:45] DATABASE: noisedive_flask/db/sqlite.db FOUND
[28.04.23|14:30:42] Folder: noisedive_flask/db FOUND
[28.04.23|14:30:42] DATABASE: noisedive_flask/db/sqlite.db FOUND
[28.04.23|14:30:57] 404 Not Found: The requested URL was not found on the server. If you entered the URL manually please check your spelling and try again.
[28.04.23|14:31:01] 404 Not Found: The requested URL was not found on the server. If you entered the URL manually please check your spelling and try again.
[28.04.23|14:31:04] 404 Not Found: The requested URL was not found on the server. If you entered the URL manually please check your spelling and try again.
[28.04.23|14:34:07] Folder: noisedive_flask/db FOUND
[28.04.23|14:34:07] DATABASE: noisedive_flask/db/sqlite.db FOUND
[28.04.23|14:44:12] Folder: noisedive_flask/db FOUND
[28.04.23|14:44:12] DATABASE: noisedive_flask/db/sqlite.db FOUND
[28.04.23|14:44:22] 404 Not Found: The requested URL was not found on the server. If you entered the URL manually please check your spelling and try again.
[28.04.23|14:44:25] 404 Not Found: The requested URL was not found on the server. If you entered the URL manually please check your spelling and try again.
[28.04.23|14:44:30] 404 Not Found: The requested URL was not found on the server. If you entered the URL manually please check your spelling and try again.
[28.04.23|14:45:47] USER: "hills" LOGGED IN
[28.04.23|14:48:07] Folder: noisedive_flask/db FOUND
[28.04.23|14:48:07] DATABASE: noisedive_flask/db/sqlite.db FOUND
[28.04.23|14:48:28] Folder: noisedive_flask/db FOUND
[28.04.23|14:48:28] DATABASE: noisedive_flask/db/sqlite.db FOUND
[28.04.23|14:49:24] Folder: noisedive_flask/db FOUND
[28.04.23|14:49:24] DATABASE: noisedive_flask/db/sqlite.db FOUND
[28.04.23|14:50:00] USER: "hills" LOGGED IN
[28.04.23|14:52:36] Folder: noisedive_flask/db FOUND
[28.04.23|14:52:36] DATABASE: noisedive_flask/db/sqlite.db FOUND
[28.04.23|14:52:45] USER: "hills" LOGGED IN
[28.04.23|14:52:50] USER: "hills" LOGGED OUT
[28.04.23|14:52:55] USER: "hills" LOGGED IN
[28.04.23|14:57:02] Folder: noisedive_flask/db FOUND
[28.04.23|14:57:02] DATABASE: noisedive_flask/db/sqlite.db FOUND
[28.04.23|14:57:21] USER: "hills" LOGGED IN
[28.04.23|14:57:24] POST: "1" FOUND
[28.04.23|14:57:31] POST: "1" FOUND
[28.04.23|14:57:31] POST: "foo foo" EDITED
[28.04.23|14:57:51] COMMENT: "1" DELETED
[28.04.23|15:00:09] POST: "fee fee" POSTED
[28.04.23|15:00:12] POST: "2" DELETED
[28.04.23|15:01:13] POST: "2" NOT DELETED "2" DOES NOT BELONG TO USER: hills
[28.04.23|15:01:15] POST: "2" NOT DELETED "2" DOES NOT BELONG TO USER: hills
[28.04.23|15:01:16] POST: "2" NOT DELETED "2" DOES NOT BELONG TO USER: hills
[28.04.23|15:01:16] POST: "2" NOT DELETED "2" DOES NOT BELONG TO USER: hills
[28.04.23|15:02:42] COMMENT: "2" DELETED
[28.04.23|15:03:19] POST: "asdfasdf" POSTED
[28.04.23|15:03:25] POST: "3" DELETED
[28.04.23|15:05:17] Folder: noisedive_flask/db FOUND
[28.04.23|15:05:17] DATABASE: noisedive_flask/db/sqlite.db FOUND
[28.04.23|15:05:20] USER NOT LOGGED IN
[28.04.23|15:05:20] 404 Not Found: The requested URL was not found on the server. If you entered the URL manually please check your spelling and try again.
[28.04.23|15:05:25] USER: "hills" LOGGED IN
[28.04.23|15:05:33] POST: "asdfasd" POSTED
[28.04.23|15:05:36] POST: "4" DELETED
[28.04.23|18:01:16] HELLO!
[28.04.23|18:01:16] check_if_db_dir_exists
[28.04.23|18:01:16] Folder: noisedive_flask/db FOUND
[28.04.23|18:01:16] check_if_db_exists
[28.04.23|18:01:16] DATABASE: noisedive_flask/db/sqlite.db FOUND
[28.04.23|18:01:16] making usersTable
[28.04.23|18:01:16] making postsTable
[28.04.23|18:01:28] HELLO!
[28.04.23|18:01:28] check_if_db_dir_exists
[28.04.23|18:01:28] Folder: noisedive_flask/db FOUND
[28.04.23|18:01:28] check_if_db_exists
[28.04.23|18:01:28] DATABASE: noisedive_flask/db/sqlite.db FOUND
[28.04.23|18:01:28] making usersTable
[28.04.23|18:01:28] making postsTable
